[GIN-debug] [WARNING] Creating an Engine instance with the Logger and Recovery middleware already attached.

[GIN-debug] [WARNING] Running in "debug" mode. Switch to "release" mode in production.
 - using env:	export GIN_MODE=release
 - using code:	gin.SetMode(gin.ReleaseMode)

[GIN-debug] GET    /ping                     --> github.com/foodCourt/app.(*App).Running.func1 (3 handlers)
[GIN-debug] GET    /                         --> github.com/foodCourt/app.(*App).Running.func2 (3 handlers)
[GIN-debug] POST   /login                    --> github.com/foodCourt/app.(*App).Auth-fm (3 handlers)
[GIN-debug] POST   /register                 --> github.com/foodCourt/app.(*App).Register-fm (3 handlers)
[GIN-debug] GET    /food-court/menu          --> github.com/foodCourt/app.(*App).GetAllFood-fm (4 handlers)
[GIN-debug] GET    /food-court/menu/:id      --> github.com/foodCourt/app.(*App).GetFood-fm (4 handlers)
[GIN-debug] POST   /food-court/menu/         --> github.com/foodCourt/app.(*App).CreateFood-fm (4 handlers)
[GIN-debug] PUT    /food-court/menu/:id      --> github.com/foodCourt/app.(*App).UpdateFood-fm (4 handlers)
[GIN-debug] DELETE /food-court/menu/:id      --> github.com/foodCourt/app.(*App).DeleteFood-fm (4 handlers)
[GIN-debug] GET    /food-court/order/        --> github.com/foodCourt/app.(*App).GetAllOrders-fm (4 handlers)
[GIN-debug] GET    /food-court/order/:id     --> github.com/foodCourt/app.(*App).GetOrder-fm (4 handlers)
[GIN-debug] POST   /food-court/order/        --> github.com/foodCourt/app.(*App).CreateOrder-fm (4 handlers)
[GIN-debug] PUT    /food-court/order/:id     --> github.com/foodCourt/app.(*App).UpdateOrder-fm (4 handlers)
[GIN-debug] DELETE /food-court/order/:id     --> github.com/foodCourt/app.(*App).DeleteOrder-fm (4 handlers)
[GIN-debug] GET    /food-court/payment       --> github.com/foodCourt/app.(*App).GetAllPayments-fm (4 handlers)
[GIN-debug] GET    /food-court/show-payment/:id --> github.com/foodCourt/app.(*App).ShowPayment-fm (4 handlers)
[GIN-debug] GET    /food-court/payment/:id   --> github.com/foodCourt/app.(*App).GetPayment-fm (4 handlers)
[GIN-debug] POST   /food-court/payment/      --> github.com/foodCourt/app.(*App).CreatePayment-fm (4 handlers)
[GIN-debug] PUT    /food-court/payment/:id   --> github.com/foodCourt/app.(*App).UpdatePayment-fm (4 handlers)
[GIN-debug] DELETE /food-court/payment/:id   --> github.com/foodCourt/app.(*App).DeletePayment-fm (4 handlers)
[GIN-debug] Environment variable PORT is undefined. Using port :8080 by default
[GIN-debug] Listening and serving HTTP on :8080
[GIN] 2020/03/28 - 20:42:22 | 500 |      229.34µs |             ::1 | GET      "/food-court/menu"
[GIN] 2020/03/28 - 20:42:23 | 500 |      77.738µs |             ::1 | GET      "/food-court/menu"
